  Assembling act4.1.asm...
act4.1.asm(49): error A2000: memory operand not allowed in context
act4.1.asm(13): error A2006: undefined symbol : DGROUP
act4.1.asm(17): error A2074: cannot access label through segment registers
act4.1.asm(18): error A2022: instruction operands must be the same size
act4.1.asm(22): error A2074: cannot access label through segment registers
act4.1.asm(23): error A2022: instruction operands must be the same size
act4.1.asm(27): error A2074: cannot access label through segment registers
act4.1.asm(28): error A2074: cannot access label through segment registers
act4.1.asm(32): error A2074: cannot access label through segment registers
act4.1.asm(33): error A2074: cannot access label through segment registers
act4.1.asm(34): error A2022: instruction operands must be the same size
act4.1.asm(38): error A2074: cannot access label through segment registers
act4.1.asm(39): error A2022: instruction operands must be the same size
act4.1.asm(43): error A2074: cannot access label through segment registers
act4.1.asm(44): error A2074: cannot access label through segment registers
act4.1.asm(48): error A2074: cannot access label through segment registers
act4.1.asm(50): error A2022: instruction operands must be the same size
act4.1.asm(55): error A2022: instruction operands must be the same size
act4.1.asm(61): error A2022: instruction operands must be the same size
act4.1.asm(73): error A2022: instruction operands must be the same size
act4.1.asm(81): warning A4023: with /coff switch, leading underscore required for start address : main
C:\Program Files\Microsoft Visual Studio\2022\Community\MSBuild\Microsoft\VC\v170\BuildCustomizations\masm.targets(70,5): error MSB3721: The command "ml.exe /c /nologo /Zi /Fo"Debug\act4.1.obj" /W3 /errorReport:prompt  /Taact4.1.asm" exited with code 1.
