  Assembling asm5.asm...
asm5.asm(1): error A2008: syntax error : section
asm5.asm(2): error A2013: .MODEL must precede this directive
asm5.asm(5): error A2008: syntax error : section
asm5.asm(6): error A2008: syntax error : global
asm5.asm(8): error A2034: must be in segment block
asm5.asm(9): error A2034: must be in segment block
asm5.asm(10): error A2034: must be in segment block
asm5.asm(11): error A2034: must be in segment block
asm5.asm(12): error A2034: must be in segment block
asm5.asm(13): error A2034: must be in segment block
asm5.asm(16): error A2034: must be in segment block
asm5.asm(21): error A2034: must be in segment block
asm5.asm(22): error A2034: must be in segment block
asm5.asm(23): error A2034: must be in segment block
asm5.asm(24): error A2034: must be in segment block
asm5.asm(25): error A2034: must be in segment block
asm5.asm(27): error A2034: must be in segment block
asm5.asm(29): error A2034: must be in segment block
asm5.asm(30): error A2034: must be in segment block
asm5.asm(31): error A2034: must be in segment block
asm5.asm(32): error A2034: must be in segment block
asm5.asm(33): error A2034: must be in segment block
asm5.asm(35): error A2034: must be in segment block
asm5.asm(36): error A2034: must be in segment block
asm5.asm(37): error A2034: must be in segment block
asm5.asm(39): error A2008: syntax error : section
asm5.asm(40): error A2008: syntax error : program
asm5.asm(40): error A2088: END directive required at end of file
C:\Program Files\Microsoft Visual Studio\2022\Community\MSBuild\Microsoft\VC\v170\BuildCustomizations\masm.targets(70,5): error MSB3721: The command "ml.exe /c /nologo /Zi /Fo"Debug\asm5.obj" /W3 /errorReport:prompt  /Taasm5.asm" exited with code 1.
