  Assembling Source.asm...
Source.asm(1): error A2008: syntax error : section
Source.asm(2): error A2034: must be in segment block
Source.asm(3): error A2034: must be in segment block
Source.asm(5): error A2008: syntax error : section
Source.asm(6): error A2008: syntax error : global
Source.asm(8): error A2034: must be in segment block
Source.asm(10): error A2034: must be in segment block
Source.asm(11): error A2034: must be in segment block
Source.asm(12): error A2034: must be in segment block
Source.asm(13): error A2034: must be in segment block
Source.asm(14): error A2034: must be in segment block
Source.asm(17): error A2034: must be in segment block
Source.asm(18): error A2034: must be in segment block
Source.asm(19): error A2034: must be in segment block
Source.asm(20): error A2034: must be in segment block
Source.asm(21): error A2034: must be in segment block
Source.asm(24): error A2034: must be in segment block
Source.asm(25): error A2034: must be in segment block
Source.asm(26): error A2034: must be in segment block
Source.asm(27): error A2034: must be in segment block
Source.asm(28): error A2034: must be in segment block
Source.asm(31): error A2034: must be in segment block
Source.asm(32): error A2034: must be in segment block
Source.asm(33): error A2034: must be in segment block
Source.asm(36): error A2006: undefined symbol : _start
Source.asm(36): error A2148: invalid symbol type in expression : _start
C:\Program Files\Microsoft Visual Studio\2022\Community\MSBuild\Microsoft\VC\v170\BuildCustomizations\masm.targets(70,5): error MSB3721: The command "ml.exe /c /nologo /Zi /Fo"Debug\Source.obj" /I "C:\Irvine" /W3 /errorReport:prompt  /TaSource.asm" exited with code 1.
