  main.cpp
C:\Users\Brian\source\repos\5_2_24DataS\LinkedSortedList.h(47,1): warning C4290: C++ exception specification ignored except to indicate a function is not __declspec(nothrow)
  (compiling source file 'main.cpp')
  C:\Users\Brian\source\repos\5_2_24DataS\LinkedSortedList.h(47,1):
  the template instantiation context (the oldest one first) is
  	C:\Users\Brian\source\repos\5_2_24DataS\LinkedSortedList.h(49,2):
  	see reference to class template instantiation 'LinkedSortedList<ItemType>' being compiled
  
C:\Users\Brian\source\repos\5_2_24DataS\LinkedSortedList.h(164,10): warning C4290: C++ exception specification ignored except to indicate a function is not __declspec(nothrow)
  (compiling source file 'main.cpp')
  
C:\Users\Brian\source\repos\5_2_24DataS\LinkedSortedList.h(55,3): error C2679: binary '<<': no operator found which takes a right-hand operand of type 'ItemType' (or there is no acceptable conversion)
C:\Users\Brian\source\repos\5_2_24DataS\LinkedSortedList.h(55,3): error C2679:         with
C:\Users\Brian\source\repos\5_2_24DataS\LinkedSortedList.h(55,3): error C2679:         [
C:\Users\Brian\source\repos\5_2_24DataS\LinkedSortedList.h(55,3): error C2679:             ItemType=std::pair<Height,Date>
C:\Users\Brian\source\repos\5_2_24DataS\LinkedSortedList.h(55,3): error C2679:         ]
  (compiling source file 'main.cpp')
  C:\Program Files\Microsoft Visual Studio\2022\Community\VC\Tools\MSVC\14.38.33130\include\ostream(480,39):
  could be 'std::basic_ostream<char,std::char_traits<char>> &std::basic_ostream<char,std::char_traits<char>>::operator <<(std::basic_streambuf<char,std::char_traits<char>> *)'
  C:\Program Files\Microsoft Visual Studio\2022\Community\VC\Tools\MSVC\14.38.33130\include\ostream(448,39):
  or       'std::basic_ostream<char,std::char_traits<char>> &std::basic_ostream<char,std::char_traits<char>>::operator <<(const void *)'
  C:\Program Files\Microsoft Visual Studio\2022\Community\VC\Tools\MSVC\14.38.33130\include\ostream(430,39):
  or       'std::basic_ostream<char,std::char_traits<char>> &std::basic_ostream<char,std::char_traits<char>>::operator <<(long double)'
  C:\Program Files\Microsoft Visual Studio\2022\Community\VC\Tools\MSVC\14.38.33130\include\ostream(412,39):
  or       'std::basic_ostream<char,std::char_traits<char>> &std::basic_ostream<char,std::char_traits<char>>::operator <<(double)'
  C:\Program Files\Microsoft Visual Studio\2022\Community\VC\Tools\MSVC\14.38.33130\include\ostream(394,39):
  or       'std::basic_ostream<char,std::char_traits<char>> &std::basic_ostream<char,std::char_traits<char>>::operator <<(float)'
  C:\Program Files\Microsoft Visual Studio\2022\Community\VC\Tools\MSVC\14.38.33130\include\ostream(376,39):
  or       'std::basic_ostream<char,std::char_traits<char>> &std::basic_ostream<char,std::char_traits<char>>::operator <<(unsigned __int64)'
  C:\Program Files\Microsoft Visual Studio\2022\Community\VC\Tools\MSVC\14.38.33130\include\ostream(358,39):
  or       'std::basic_ostream<char,std::char_traits<char>> &std::basic_ostream<char,std::char_traits<char>>::operator <<(__int64)'
  C:\Program Files\Microsoft Visual Studio\2022\Community\VC\Tools\MSVC\14.38.33130\include\ostream(340,39):
  or       'std::basic_ostream<char,std::char_traits<char>> &std::basic_ostream<char,std::char_traits<char>>::operator <<(unsigned long)'
  C:\Program Files\Microsoft Visual Studio\2022\Community\VC\Tools\MSVC\14.38.33130\include\ostream(322,39):
  or       'std::basic_ostream<char,std::char_traits<char>> &std::basic_ostream<char,std::char_traits<char>>::operator <<(long)'
  C:\Program Files\Microsoft Visual Studio\2022\Community\VC\Tools\MSVC\14.38.33130\include\ostream(303,39):
  or       'std::basic_ostream<char,std::char_traits<char>> &std::basic_ostream<char,std::char_traits<char>>::operator <<(unsigned int)'
  C:\Program Files\Microsoft Visual Studio\2022\Community\VC\Tools\MSVC\14.38.33130\include\ostream(277,39):
  or       'std::basic_ostream<char,std::char_traits<char>> &std::basic_ostream<char,std::char_traits<char>>::operator <<(int)'
  C:\Program Files\Microsoft Visual Studio\2022\Community\VC\Tools\MSVC\14.38.33130\include\ostream(258,39):
  or       'std::basic_ostream<char,std::char_traits<char>> &std::basic_ostream<char,std::char_traits<char>>::operator <<(unsigned short)'
  C:\Program Files\Microsoft Visual Studio\2022\Community\VC\Tools\MSVC\14.38.33130\include\ostream(224,39):
  or       'std::basic_ostream<char,std::char_traits<char>> &std::basic_ostream<char,std::char_traits<char>>::operator <<(short)'
  C:\Program Files\Microsoft Visual Studio\2022\Community\VC\Tools\MSVC\14.38.33130\include\ostream(206,39):
  or       'std::basic_ostream<char,std::char_traits<char>> &std::basic_ostream<char,std::char_traits<char>>::operator <<(bool)'
  C:\Program Files\Microsoft Visual Studio\2022\Community\VC\Tools\MSVC\14.38.33130\include\ostream(200,39):
  or       'std::basic_ostream<char,std::char_traits<char>> &std::basic_ostream<char,std::char_traits<char>>::operator <<(std::ios_base &(__cdecl *)(std::ios_base &))'
  C:\Program Files\Microsoft Visual Studio\2022\Community\VC\Tools\MSVC\14.38.33130\include\ostream(194,39):
  or       'std::basic_ostream<char,std::char_traits<char>> &std::basic_ostream<char,std::char_traits<char>>::operator <<(std::basic_ios<char,std::char_traits<char>> &(__cdecl *)(std::basic_ios<char,std::char_traits<char>> &))'
  C:\Program Files\Microsoft Visual Studio\2022\Community\VC\Tools\MSVC\14.38.33130\include\ostream(189,39):
  or       'std::basic_ostream<char,std::char_traits<char>> &std::basic_ostream<char,std::char_traits<char>>::operator <<(std::basic_ostream<char,std::char_traits<char>> &(__cdecl *)(std::basic_ostream<char,std::char_traits<char>> &))'
  C:\Users\Brian\source\repos\5_2_24DataS\main.cpp(19,10):
  or       'std::ostream &operator <<(std::ostream &,const Date &)' [found using argument-dependent lookup]
  C:\Users\Brian\source\repos\5_2_24DataS\main.cpp(35,10):
  or       'std::ostream &operator <<(std::ostream &,const Height &)' [found using argument-dependent lookup]
  C:\Program Files\Microsoft Visual Studio\2022\Community\VC\Tools\MSVC\14.38.33130\include\ostream(1080,32):
  or       'std::basic_ostream<_Elem,_Traits> &std::operator <<(std::basic_ostream<_Elem,_Traits> &,const std::error_code &)'
  	C:\Users\Brian\source\repos\5_2_24DataS\LinkedSortedList.h(55,30):
  	'initializing': cannot convert from 'ItemType' to 'const std::error_code &'
          with
          [
              ItemType=std::pair<Height,Date>
          ]
  		C:\Users\Brian\source\repos\5_2_24DataS\LinkedSortedList.h(55,30):
  		Reason: cannot convert from 'ItemType' to 'const std::error_code'
          with
          [
              ItemType=std::pair<Height,Date>
          ]
  		C:\Users\Brian\source\repos\5_2_24DataS\LinkedSortedList.h(55,30):
  		No user-defined-conversion operator available that can perform this conversion, or the operator cannot be called
  C:\Program Files\Microsoft Visual Studio\2022\Community\VC\Tools\MSVC\14.38.33130\include\ostream(1003,9):
  or       '_Ostr &&std::operator <<(_Ostr &&,const _Ty &)'
  	C:\Users\Brian\source\repos\5_2_24DataS\LinkedSortedList.h(55,3):
  	'_Ostr &&std::operator <<(_Ostr &&,const _Ty &)': could not deduce template argument for '__formal'
  		C:\Program Files\Microsoft Visual Studio\2022\Community\VC\Tools\MSVC\14.38.33130\include\ostream(1002,103):
  		'<template-parameter>': you cannot create a pointer to a reference
  C:\Program Files\Microsoft Visual Studio\2022\Community\VC\Tools\MSVC\14.38.33130\include\ostream(945,31):
  or       'std::basic_ostream<char,_Traits> &std::operator <<(std::basic_ostream<char,_Traits> &,unsigned char)'
  	C:\Users\Brian\source\repos\5_2_24DataS\LinkedSortedList.h(55,30):
  	'initializing': cannot convert from 'ItemType' to 'unsigned char'
          with
          [
              ItemType=std::pair<Height,Date>
          ]
  		C:\Users\Brian\source\repos\5_2_24DataS\LinkedSortedList.h(55,30):
  		No user-defined-conversion operator available that can perform this conversion, or the operator cannot be called
  C:\Program Files\Microsoft Visual Studio\2022\Community\VC\Tools\MSVC\14.38.33130\include\ostream(939,31):
  or       'std::basic_ostream<char,_Traits> &std::operator <<(std::basic_ostream<char,_Traits> &,const unsigned char *)'
  	C:\Users\Brian\source\repos\5_2_24DataS\LinkedSortedList.h(55,30):
  	'initializing': cannot convert from 'ItemType' to 'const unsigned char *'
          with
          [
              ItemType=std::pair<Height,Date>
          ]
  		C:\Users\Brian\source\repos\5_2_24DataS\LinkedSortedList.h(55,30):
  		No user-defined-conversion operator available that can perform this conversion, or the operator cannot be called
  C:\Program Files\Microsoft Visual Studio\2022\Community\VC\Tools\MSVC\14.38.33130\include\ostream(934,31):
  or       'std::basic_ostream<char,_Traits> &std::operator <<(std::basic_ostream<char,_Traits> &,signed char)'
  	C:\Users\Brian\source\repos\5_2_24DataS\LinkedSortedList.h(55,30):
  	'initializing': cannot convert from 'ItemType' to 'signed char'
          with
          [
              ItemType=std::pair<Height,Date>
          ]
  		C:\Users\Brian\source\repos\5_2_24DataS\LinkedSortedList.h(55,30):
  		No user-defined-conversion operator available that can perform this conversion, or the operator cannot be called
  C:\Program Files\Microsoft Visual Studio\2022\Community\VC\Tools\MSVC\14.38.33130\include\ostream(928,31):
  or       'std::basic_ostream<char,_Traits> &std::operator <<(std::basic_ostream<char,_Traits> &,const signed char *)'
  	C:\Users\Brian\source\repos\5_2_24DataS\LinkedSortedList.h(55,30):
  	'initializing': cannot convert from 'ItemType' to 'const signed char *'
          with
          [
              ItemType=std::pair<Height,Date>
          ]
  		C:\Users\Brian\source\repos\5_2_24DataS\LinkedSortedList.h(55,30):
  		No user-defined-conversion operator available that can perform this conversion, or the operator cannot be called
  C:\Program Files\Microsoft Visual Studio\2022\Community\VC\Tools\MSVC\14.38.33130\include\ostream(892,32):
  or       'std::basic_ostream<_Elem,_Traits> &std::operator <<(std::basic_ostream<_Elem,_Traits> &,_Elem)'
  	C:\Users\Brian\source\repos\5_2_24DataS\LinkedSortedList.h(55,3):
  	'std::basic_ostream<_Elem,_Traits> &std::operator <<(std::basic_ostream<_Elem,_Traits> &,_Elem)': template parameter '_Elem' is ambiguous
  		C:\Users\Brian\source\repos\5_2_24DataS\LinkedSortedList.h(55,3):
  		could be 'ItemType'
          with
          [
              ItemType=std::pair<Height,Date>
          ]
  		C:\Users\Brian\source\repos\5_2_24DataS\LinkedSortedList.h(55,3):
  		or       'char'
  	C:\Users\Brian\source\repos\5_2_24DataS\LinkedSortedList.h(55,3):
  	'std::basic_ostream<_Elem,_Traits> &std::operator <<(std::basic_ostream<_Elem,_Traits> &,_Elem)': could not deduce template argument for '_Elem' from 'ItemType'
          with
          [
              ItemType=std::pair<Height,Date>
          ]
  C:\Program Files\Microsoft Visual Studio\2022\Community\VC\Tools\MSVC\14.38.33130\include\ostream(849,32):
  or       'std::basic_ostream<_Elem,_Traits> &std::operator <<(std::basic_ostream<_Elem,_Traits> &,const _Elem *)'
  	C:\Users\Brian\source\repos\5_2_24DataS\LinkedSortedList.h(55,3):
  	'std::basic_ostream<_Elem,_Traits> &std::operator <<(std::basic_ostream<_Elem,_Traits> &,const _Elem *)': could not deduce template argument for 'const _Elem *' from 'ItemType'
          with
          [
              ItemType=std::pair<Height,Date>
          ]
  C:\Program Files\Microsoft Visual Studio\2022\Community\VC\Tools\MSVC\14.38.33130\include\ostream(811,31):
  or       'std::basic_ostream<char,_Traits> &std::operator <<(std::basic_ostream<char,_Traits> &,char)'
  	C:\Users\Brian\source\repos\5_2_24DataS\LinkedSortedList.h(55,30):
  	'initializing': cannot convert from 'ItemType' to 'char'
          with
          [
              ItemType=std::pair<Height,Date>
          ]
  		C:\Users\Brian\source\repos\5_2_24DataS\LinkedSortedList.h(55,30):
  		No user-defined-conversion operator available that can perform this conversion, or the operator cannot be called
  C:\Program Files\Microsoft Visual Studio\2022\Community\VC\Tools\MSVC\14.38.33130\include\ostream(766,31):
  or       'std::basic_ostream<char,_Traits> &std::operator <<(std::basic_ostream<char,_Traits> &,const char *)'
  	C:\Users\Brian\source\repos\5_2_24DataS\LinkedSortedList.h(55,30):
  	'initializing': cannot convert from 'ItemType' to 'const char *'
          with
          [
              ItemType=std::pair<Height,Date>
          ]
  		C:\Users\Brian\source\repos\5_2_24DataS\LinkedSortedList.h(55,30):
  		No user-defined-conversion operator available that can perform this conversion, or the operator cannot be called
  C:\Program Files\Microsoft Visual Studio\2022\Community\VC\Tools\MSVC\14.38.33130\include\ostream(730,32):
  or       'std::basic_ostream<_Elem,_Traits> &std::operator <<(std::basic_ostream<_Elem,_Traits> &,char)'
  	C:\Users\Brian\source\repos\5_2_24DataS\LinkedSortedList.h(55,30):
  	'initializing': cannot convert from 'ItemType' to 'char'
          with
          [
              ItemType=std::pair<Height,Date>
          ]
  		C:\Users\Brian\source\repos\5_2_24DataS\LinkedSortedList.h(55,30):
  		No user-defined-conversion operator available that can perform this conversion, or the operator cannot be called
  C:\Program Files\Microsoft Visual Studio\2022\Community\VC\Tools\MSVC\14.38.33130\include\ostream(686,32):
  or       'std::basic_ostream<_Elem,_Traits> &std::operator <<(std::basic_ostream<_Elem,_Traits> &,const char *)'
  	C:\Users\Brian\source\repos\5_2_24DataS\LinkedSortedList.h(55,30):
  	'initializing': cannot convert from 'ItemType' to 'const char *'
          with
          [
              ItemType=std::pair<Height,Date>
          ]
  		C:\Users\Brian\source\repos\5_2_24DataS\LinkedSortedList.h(55,30):
  		No user-defined-conversion operator available that can perform this conversion, or the operator cannot be called
  C:\Program Files\Microsoft Visual Studio\2022\Community\VC\Tools\MSVC\14.38.33130\include\memory(3629,32):
  or       'std::basic_ostream<_Elem,_Traits> &std::operator <<(std::basic_ostream<_Elem,_Traits> &,const std::unique_ptr<_Ty2,_Dx2> &)'
  	C:\Users\Brian\source\repos\5_2_24DataS\LinkedSortedList.h(55,3):
  	'std::basic_ostream<_Elem,_Traits> &std::operator <<(std::basic_ostream<_Elem,_Traits> &,const std::unique_ptr<_Ty2,_Dx2> &)': could not deduce template argument for 'const std::unique_ptr<_Ty2,_Dx2> &' from 'ItemType'
          with
          [
              ItemType=std::pair<Height,Date>
          ]
  C:\Program Files\Microsoft Visual Studio\2022\Community\VC\Tools\MSVC\14.38.33130\include\memory(1978,32):
  or       'std::basic_ostream<_Elem,_Traits> &std::operator <<(std::basic_ostream<_Elem,_Traits> &,const std::shared_ptr<_Ty> &)'
  	C:\Users\Brian\source\repos\5_2_24DataS\LinkedSortedList.h(55,3):
  	'std::basic_ostream<_Elem,_Traits> &std::operator <<(std::basic_ostream<_Elem,_Traits> &,const std::shared_ptr<_Ty> &)': could not deduce template argument for 'const std::shared_ptr<_Ty> &' from 'ItemType'
          with
          [
              ItemType=std::pair<Height,Date>
          ]
  C:\Program Files\Microsoft Visual Studio\2022\Community\VC\Tools\MSVC\14.38.33130\include\xstring(5193,32):
  or       'std::basic_ostream<_Elem,_Traits> &std::operator <<(std::basic_ostream<_Elem,_Traits> &,const std::basic_string<_Elem,_Traits,_Alloc> &)'
  	C:\Users\Brian\source\repos\5_2_24DataS\LinkedSortedList.h(55,3):
  	'std::basic_ostream<_Elem,_Traits> &std::operator <<(std::basic_ostream<_Elem,_Traits> &,const std::basic_string<_Elem,_Traits,_Alloc> &)': could not deduce template argument for 'const std::basic_string<_Elem,_Traits,_Alloc> &' from 'ItemType'
          with
          [
              ItemType=std::pair<Height,Date>
          ]
  C:\Program Files\Microsoft Visual Studio\2022\Community\VC\Tools\MSVC\14.38.33130\include\xstring(5193,32):
  or       'std::basic_ostream<_Elem,_Traits> &std::operator <<(std::basic_ostream<_Elem,_Traits> &,const std::basic_string<_Elem,_Traits,_Alloc> &)'
  	C:\Users\Brian\source\repos\5_2_24DataS\LinkedSortedList.h(55,3):
  	'std::basic_ostream<_Elem,_Traits> &std::operator <<(std::basic_ostream<_Elem,_Traits> &,const std::basic_string<_Elem,_Traits,_Alloc> &)': could not deduce template argument for 'const std::basic_string<_Elem,_Traits,_Alloc> &' from 'ItemType'
          with
          [
              ItemType=std::pair<Height,Date>
          ]
  C:\Program Files\Microsoft Visual Studio\2022\Community\VC\Tools\MSVC\14.38.33130\include\memory(1978,32):
  or       'std::basic_ostream<_Elem,_Traits> &std::operator <<(std::basic_ostream<_Elem,_Traits> &,const std::shared_ptr<_Ty> &)'
  	C:\Users\Brian\source\repos\5_2_24DataS\LinkedSortedList.h(55,3):
  	'std::basic_ostream<_Elem,_Traits> &std::operator <<(std::basic_ostream<_Elem,_Traits> &,const std::shared_ptr<_Ty> &)': could not deduce template argument for 'const std::shared_ptr<_Ty> &' from 'ItemType'
          with
          [
              ItemType=std::pair<Height,Date>
          ]
  C:\Program Files\Microsoft Visual Studio\2022\Community\VC\Tools\MSVC\14.38.33130\include\memory(3629,32):
  or       'std::basic_ostream<_Elem,_Traits> &std::operator <<(std::basic_ostream<_Elem,_Traits> &,const std::unique_ptr<_Ty2,_Dx2> &)'
  	C:\Users\Brian\source\repos\5_2_24DataS\LinkedSortedList.h(55,3):
  	'std::basic_ostream<_Elem,_Traits> &std::operator <<(std::basic_ostream<_Elem,_Traits> &,const std::unique_ptr<_Ty2,_Dx2> &)': could not deduce template argument for 'const std::unique_ptr<_Ty2,_Dx2> &' from 'ItemType'
          with
          [
              ItemType=std::pair<Height,Date>
          ]
  C:\Program Files\Microsoft Visual Studio\2022\Community\VC\Tools\MSVC\14.38.33130\include\ostream(686,32):
  or       'std::basic_ostream<_Elem,_Traits> &std::operator <<(std::basic_ostream<_Elem,_Traits> &,const char *)'
  	C:\Users\Brian\source\repos\5_2_24DataS\LinkedSortedList.h(55,30):
  	'initializing': cannot convert from 'ItemType' to 'const char *'
          with
          [
              ItemType=std::pair<Height,Date>
          ]
  		C:\Users\Brian\source\repos\5_2_24DataS\LinkedSortedList.h(55,30):
  		No user-defined-conversion operator available that can perform this conversion, or the operator cannot be called
  C:\Program Files\Microsoft Visual Studio\2022\Community\VC\Tools\MSVC\14.38.33130\include\ostream(730,32):
  or       'std::basic_ostream<_Elem,_Traits> &std::operator <<(std::basic_ostream<_Elem,_Traits> &,char)'
  	C:\Users\Brian\source\repos\5_2_24DataS\LinkedSortedList.h(55,30):
  	'initializing': cannot convert from 'ItemType' to 'char'
          with
          [
              ItemType=std::pair<Height,Date>
          ]
  		C:\Users\Brian\source\repos\5_2_24DataS\LinkedSortedList.h(55,30):
  		No user-defined-conversion operator available that can perform this conversion, or the operator cannot be called
  C:\Program Files\Microsoft Visual Studio\2022\Community\VC\Tools\MSVC\14.38.33130\include\ostream(766,31):
  or       'std::basic_ostream<char,_Traits> &std::operator <<(std::basic_ostream<char,_Traits> &,const char *)'
  	C:\Users\Brian\source\repos\5_2_24DataS\LinkedSortedList.h(55,30):
  	'initializing': cannot convert from 'ItemType' to 'const char *'
          with
          [
              ItemType=std::pair<Height,Date>
          ]
  		C:\Users\Brian\source\repos\5_2_24DataS\LinkedSortedList.h(55,30):
  		No user-defined-conversion operator available that can perform this conversion, or the operator cannot be called
  C:\Program Files\Microsoft Visual Studio\2022\Community\VC\Tools\MSVC\14.38.33130\include\ostream(811,31):
  or       'std::basic_ostream<char,_Traits> &std::operator <<(std::basic_ostream<char,_Traits> &,char)'
  	C:\Users\Brian\source\repos\5_2_24DataS\LinkedSortedList.h(55,30):
  	'initializing': cannot convert from 'ItemType' to 'char'
          with
          [
              ItemType=std::pair<Height,Date>
          ]
  		C:\Users\Brian\source\repos\5_2_24DataS\LinkedSortedList.h(55,30):
  		No user-defined-conversion operator available that can perform this conversion, or the operator cannot be called
  C:\Program Files\Microsoft Visual Studio\2022\Community\VC\Tools\MSVC\14.38.33130\include\ostream(849,32):
  or       'std::basic_ostream<_Elem,_Traits> &std::operator <<(std::basic_ostream<_Elem,_Traits> &,const _Elem *)'
  	C:\Users\Brian\source\repos\5_2_24DataS\LinkedSortedList.h(55,3):
  	'std::basic_ostream<_Elem,_Traits> &std::operator <<(std::basic_ostream<_Elem,_Traits> &,const _Elem *)': could not deduce template argument for 'const _Elem *' from 'ItemType'
          with
          [
              ItemType=std::pair<Height,Date>
          ]
  C:\Program Files\Microsoft Visual Studio\2022\Community\VC\Tools\MSVC\14.38.33130\include\ostream(892,32):
  or       'std::basic_ostream<_Elem,_Traits> &std::operator <<(std::basic_ostream<_Elem,_Traits> &,_Elem)'
  	C:\Users\Brian\source\repos\5_2_24DataS\LinkedSortedList.h(55,3):
  	'std::basic_ostream<_Elem,_Traits> &std::operator <<(std::basic_ostream<_Elem,_Traits> &,_Elem)': template parameter '_Elem' is ambiguous
  		C:\Users\Brian\source\repos\5_2_24DataS\LinkedSortedList.h(55,3):
  		could be 'ItemType'
          with
          [
              ItemType=std::pair<Height,Date>
          ]
  		C:\Users\Brian\source\repos\5_2_24DataS\LinkedSortedList.h(55,3):
  		or       'char'
  	C:\Users\Brian\source\repos\5_2_24DataS\LinkedSortedList.h(55,3):
  	'std::basic_ostream<_Elem,_Traits> &std::operator <<(std::basic_ostream<_Elem,_Traits> &,_Elem)': could not deduce template argument for '_Elem' from 'ItemType'
          with
          [
              ItemType=std::pair<Height,Date>
          ]
  C:\Program Files\Microsoft Visual Studio\2022\Community\VC\Tools\MSVC\14.38.33130\include\ostream(928,31):
  or       'std::basic_ostream<char,_Traits> &std::operator <<(std::basic_ostream<char,_Traits> &,const signed char *)'
  	C:\Users\Brian\source\repos\5_2_24DataS\LinkedSortedList.h(55,30):
  	'initializing': cannot convert from 'ItemType' to 'const signed char *'
          with
          [
              ItemType=std::pair<Height,Date>
          ]
  		C:\Users\Brian\source\repos\5_2_24DataS\LinkedSortedList.h(55,30):
  		No user-defined-conversion operator available that can perform this conversion, or the operator cannot be called
  C:\Program Files\Microsoft Visual Studio\2022\Community\VC\Tools\MSVC\14.38.33130\include\ostream(934,31):
  or       'std::basic_ostream<char,_Traits> &std::operator <<(std::basic_ostream<char,_Traits> &,signed char)'
  	C:\Users\Brian\source\repos\5_2_24DataS\LinkedSortedList.h(55,30):
  	'initializing': cannot convert from 'ItemType' to 'signed char'
          with
          [
              ItemType=std::pair<Height,Date>
          ]
  		C:\Users\Brian\source\repos\5_2_24DataS\LinkedSortedList.h(55,30):
  		No user-defined-conversion operator available that can perform this conversion, or the operator cannot be called
  C:\Program Files\Microsoft Visual Studio\2022\Community\VC\Tools\MSVC\14.38.33130\include\ostream(939,31):
  or       'std::basic_ostream<char,_Traits> &std::operator <<(std::basic_ostream<char,_Traits> &,const unsigned char *)'
  	C:\Users\Brian\source\repos\5_2_24DataS\LinkedSortedList.h(55,30):
  	'initializing': cannot convert from 'ItemType' to 'const unsigned char *'
          with
          [
              ItemType=std::pair<Height,Date>
          ]
  		C:\Users\Brian\source\repos\5_2_24DataS\LinkedSortedList.h(55,30):
  		No user-defined-conversion operator available that can perform this conversion, or the operator cannot be called
  C:\Program Files\Microsoft Visual Studio\2022\Community\VC\Tools\MSVC\14.38.33130\include\ostream(945,31):
  or       'std::basic_ostream<char,_Traits> &std::operator <<(std::basic_ostream<char,_Traits> &,unsigned char)'
  	C:\Users\Brian\source\repos\5_2_24DataS\LinkedSortedList.h(55,30):
  	'initializing': cannot convert from 'ItemType' to 'unsigned char'
          with
          [
              ItemType=std::pair<Height,Date>
          ]
  		C:\Users\Brian\source\repos\5_2_24DataS\LinkedSortedList.h(55,30):
  		No user-defined-conversion operator available that can perform this conversion, or the operator cannot be called
  C:\Program Files\Microsoft Visual Studio\2022\Community\VC\Tools\MSVC\14.38.33130\include\ostream(1003,9):
  or       '_Ostr &&std::operator <<(_Ostr &&,const _Ty &)'
  	C:\Users\Brian\source\repos\5_2_24DataS\LinkedSortedList.h(55,3):
  	'_Ostr &&std::operator <<(_Ostr &&,const _Ty &)': could not deduce template argument for '__formal'
  		C:\Program Files\Microsoft Visual Studio\2022\Community\VC\Tools\MSVC\14.38.33130\include\ostream(1002,103):
  		'<template-parameter>': you cannot create a pointer to a reference
  C:\Program Files\Microsoft Visual Studio\2022\Community\VC\Tools\MSVC\14.38.33130\include\ostream(1080,32):
  or       'std::basic_ostream<_Elem,_Traits> &std::operator <<(std::basic_ostream<_Elem,_Traits> &,const std::error_code &)'
  	C:\Users\Brian\source\repos\5_2_24DataS\LinkedSortedList.h(55,30):
  	'initializing': cannot convert from 'ItemType' to 'const std::error_code &'
          with
          [
              ItemType=std::pair<Height,Date>
          ]
  		C:\Users\Brian\source\repos\5_2_24DataS\LinkedSortedList.h(55,30):
  		Reason: cannot convert from 'ItemType' to 'const std::error_code'
          with
          [
              ItemType=std::pair<Height,Date>
          ]
  		C:\Users\Brian\source\repos\5_2_24DataS\LinkedSortedList.h(55,30):
  		No user-defined-conversion operator available that can perform this conversion, or the operator cannot be called
  C:\Users\Brian\source\repos\5_2_24DataS\LinkedSortedList.h(55,3):
  while trying to match the argument list '(std::ostream, ItemType)'
          with
          [
              ItemType=std::pair<Height,Date>
          ]
  C:\Users\Brian\source\repos\5_2_24DataS\LinkedSortedList.h(55,3):
  the template instantiation context (the oldest one first) is
  	C:\Users\Brian\source\repos\5_2_24DataS\LinkedSortedList.h(52,50):
  	while compiling class template member function 'void LinkedSortedList<std::pair<Height,Date>>::display(void) const'
  
